This is pdfeTeX, Version 3.141592-1.21a-2.2 (Web2C 7.5.4) (format=latex 2006.8.7)  28 JUL 2008 08:09
entering extended mode
**pubs
(./pubs.tex
LaTeX2e <2003/12/01>
Babel <v3.8d> and hyphenation patterns for american, french, german, ngerman, b
ahasa, basque, bulgarian, catalan, croatian, czech, danish, dutch, esperanto, e
stonian, finnish, greek, icelandic, irish, italian, latin, magyar, norsk, polis
h, portuges, romanian, russian, serbian, slovak, slovene, spanish, swedish, tur
kish, ukrainian, nohyphenation, loaded.
(/local/solaris86/apps/tetex-3.0/share/texmf/tex/latex/base/article.cls
Document Class: article 2004/02/16 v1.4f Standard LaTeX document class
(/local/solaris86/apps/tetex-3.0/share/texmf/tex/latex/base/size10.clo
File: size10.clo 2004/02/16 v1.4f Standard LaTeX file (size option)
)
\c@part=\count79
\c@section=\count80
\c@subsection=\count81
\c@subsubsection=\count82
\c@paragraph=\count83
\c@subparagraph=\count84
\c@figure=\count85
\c@table=\count86
\abovecaptionskip=\skip41
\belowcaptionskip=\skip42
\bibindent=\dimen102
)
(./pubs.aux)
\openout1 = `pubs.aux'.

LaTeX Font Info:    Checking defaults for OML/cmm/m/it on input line 3.
LaTeX Font Info:    ... okay on input line 3.
LaTeX Font Info:    Checking defaults for T1/cmr/m/n on input line 3.
LaTeX Font Info:    ... okay on input line 3.
LaTeX Font Info:    Checking defaults for OT1/cmr/m/n on input line 3.
LaTeX Font Info:    ... okay on input line 3.
LaTeX Font Info:    Checking defaults for OMS/cmsy/m/n on input line 3.
LaTeX Font Info:    ... okay on input line 3.
LaTeX Font Info:    Checking defaults for OMX/cmex/m/n on input line 3.
LaTeX Font Info:    ... okay on input line 3.
LaTeX Font Info:    Checking defaults for U/cmr/m/n on input line 3.
LaTeX Font Info:    ... okay on input line 3.
 (./pubs.bbl
Underfull \hbox (badness 1394) in paragraph at lines 28--33
[]\OT1/cmr/m/n/10 Kim Mar-riott, Nicholas Nether-cote, Reza Rafeh, Pe-ter J. St
uckey,
 []

[1

]) [2] (./pubs.aux) ) 
Here is how much of TeX's memory you used:
 229 strings out of 94501
 2685 string characters out of 1173367
 51348 words of memory out of 1000000
 3477 multiletter control sequences out of 10000+50000
 4591 words of font info for 17 fonts, out of 500000 for 2000
 580 hyphenation exceptions out of 1000
 23i,4n,17p,121b,200s stack positions out of 1500i,500n,5000p,200000b,5000s

Output written on pubs.dvi (2 pages, 6968 bytes).
